<?xml version="1.0" encoding="UTF-8"?>
<testsuite name="models.NewsForDepartmentTest" tests="3" skipped="0" failures="0" errors="0" timestamp="2019-10-28T16:25:10" hostname="laurent-HP-EliteBook-840-G2" time="0.002">
  <properties/>
  <testcase name="NewsForDepartment_instantiatesCorrectly" classname="models.NewsForDepartmentTest" time="0.001"/>
  <testcase name="NewsForDepartment_instantiatesWithCorrectType" classname="models.NewsForDepartmentTest" time="0.0"/>
  <testcase name="NewsForDepartment_instantiatesWithContent" classname="models.NewsForDepartmentTest" time="0.0"/>
  <system-out><![CDATA[]]></system-out>
  <system-err><![CDATA[]]></system-err>
</testsuite>
